# JRE version: Java(TM) SE Runtime Environment (8.0_172-b11) (build 1.8.0_172-b11)
# Java VM: Java HotSpot(TM) 64-Bit Server VM (25.172-b11 mixed mode windows-amd64 compressed oops)
Heap:
 PSYoungGen      total 76288K, used 5188K [0x000000076ad80000, 0x0000000770280000, 0x00000007c0000000)
  eden space 65536K, 7% used [0x000000076ad80000,0x000000076b291278,0x000000076ed80000)
  from space 10752K, 0% used [0x000000076f800000,0x000000076f800000,0x0000000770280000)
  to   space 10752K, 0% used [0x000000076ed80000,0x000000076ed80000,0x000000076f800000)
 ParOldGen       total 175104K, used 3308K [0x00000006c0800000, 0x00000006cb300000, 0x000000076ad80000)
  object space 175104K, 1% used [0x00000006c0800000,0x00000006c0b3b098,0x00000006cb300000)
 Metaspace       used 13317K, capacity 13450K, committed 13696K, reserved 1060864K
  class space    used 1334K, capacity 1369K, committed 1408K, reserved 1048576K
GC Heap History (6 events):
Event: 1.508 GC heap before
{Heap before GC invocations=1 (full 0):
 PSYoungGen      total 76288K, used 65536K [0x000000076ad80000, 0x0000000770280000, 0x00000007c0000000)
  eden space 65536K, 100% used [0x000000076ad80000,0x000000076ed80000,0x000000076ed80000)
  from space 10752K, 0% used [0x000000076f800000,0x000000076f800000,0x0000000770280000)
  to   space 10752K, 0% used [0x000000076ed80000,0x000000076ed80000,0x000000076f800000)
 ParOldGen       total 175104K, used 0K [0x00000006c0800000, 0x00000006cb300000, 0x000000076ad80000)
  object space 175104K, 0% used [0x00000006c0800000,0x00000006c0800000,0x00000006cb300000)
 Metaspace       used 11011K, capacity 11178K, committed 11264K, reserved 1058816K
  class space    used 1151K, capacity 1209K, committed 1280K, reserved 1048576K
Event: 1.515 GC heap after
Heap after GC invocations=1 (full 0):
 PSYoungGen      total 76288K, used 7255K [0x000000076ad80000, 0x0000000770280000, 0x00000007c0000000)
  eden space 65536K, 0% used [0x000000076ad80000,0x000000076ad80000,0x000000076ed80000)
  from space 10752K, 67% used [0x000000076ed80000,0x000000076f495d20,0x000000076f800000)
  to   space 10752K, 0% used [0x000000076f800000,0x000000076f800000,0x0000000770280000)
 ParOldGen       total 175104K, used 8K [0x00000006c0800000, 0x00000006cb300000, 0x000000076ad80000)
  object space 175104K, 0% used [0x00000006c0800000,0x00000006c0802000,0x00000006cb300000)
 Metaspace       used 11011K, capacity 11178K, committed 11264K, reserved 1058816K
  class space    used 1151K, capacity 1209K, committed 1280K, reserved 1048576K
}
Event: 5.960 GC heap before
{Heap before GC invocations=2 (full 0):
 PSYoungGen      total 76288K, used 30633K [0x000000076ad80000, 0x0000000770280000, 0x00000007c0000000)
  eden space 65536K, 35% used [0x000000076ad80000,0x000000076c454968,0x000000076ed80000)
  from space 10752K, 67% used [0x000000076ed80000,0x000000076f495d20,0x000000076f800000)
  to   space 10752K, 0% used [0x000000076f800000,0x000000076f800000,0x0000000770280000)
 ParOldGen       total 175104K, used 8K [0x00000006c0800000, 0x00000006cb300000, 0x000000076ad80000)
  object space 175104K, 0% used [0x00000006c0800000,0x00000006c0802000,0x00000006cb300000)
 Metaspace       used 13076K, capacity 13258K, committed 13440K, reserved 1060864K
  class space    used 1314K, capacity 1369K, committed 1408K, reserved 1048576K
Event: 5.962 GC heap after
Heap after GC invocations=2 (full 0):
 PSYoungGen      total 76288K, used 3495K [0x000000076ad80000, 0x0000000770280000, 0x00000007c0000000)
  eden space 65536K, 0% used [0x000000076ad80000,0x000000076ad80000,0x000000076ed80000)
  from space 10752K, 32% used [0x000000076f800000,0x000000076fb69f68,0x0000000770280000)
  to   space 10752K, 0% used [0x000000076ed80000,0x000000076ed80000,0x000000076f800000)
 ParOldGen       total 175104K, used 16K [0x00000006c0800000, 0x00000006cb300000, 0x000000076ad80000)
  object space 175104K, 0% used [0x00000006c0800000,0x00000006c0804000,0x00000006cb300000)
 Metaspace       used 13076K, capacity 13258K, committed 13440K, reserved 1060864K
  class space    used 1314K, capacity 1369K, committed 1408K, reserved 1048576K
}
Event: 5.962 GC heap before
{Heap before GC invocations=3 (full 1):
 PSYoungGen      total 76288K, used 3495K [0x000000076ad80000, 0x0000000770280000, 0x00000007c0000000)
  eden space 65536K, 0% used [0x000000076ad80000,0x000000076ad80000,0x000000076ed80000)
  from space 10752K, 32% used [0x000000076f800000,0x000000076fb69f68,0x0000000770280000)
  to   space 10752K, 0% used [0x000000076ed80000,0x000000076ed80000,0x000000076f800000)
 ParOldGen       total 175104K, used 16K [0x00000006c0800000, 0x00000006cb300000, 0x000000076ad80000)
  object space 175104K, 0% used [0x00000006c0800000,0x00000006c0804000,0x00000006cb300000)
 Metaspace       used 13076K, capacity 13258K, committed 13440K, reserved 1060864K
  class space    used 1314K, capacity 1369K, committed 1408K, reserved 1048576K
Event: 5.973 GC heap after
Heap after GC invocations=3 (full 1):
 PSYoungGen      total 76288K, used 0K [0x000000076ad80000, 0x0000000770280000, 0x00000007c0000000)
  eden space 65536K, 0% used [0x000000076ad80000,0x000000076ad80000,0x000000076ed80000)
  from space 10752K, 0% used [0x000000076f800000,0x000000076f800000,0x0000000770280000)
  to   space 10752K, 0% used [0x000000076ed80000,0x000000076ed80000,0x000000076f800000)
 ParOldGen       total 175104K, used 3308K [0x00000006c0800000, 0x00000006cb300000, 0x000000076ad80000)
  object space 175104K, 1% used [0x00000006c0800000,0x00000006c0b3b098,0x00000006cb300000)
 Metaspace       used 13076K, capacity 13258K, committed 13440K, reserved 1060864K
  class space    used 1314K, capacity 1369K, committed 1408K, reserved 1048576K
}

